<?xml version="1.0" encoding="UTF-8"?>
<!-- Generated by org.testng.reporters.JUnitXMLReporter -->
<testsuite ignored="1" hostname="IN2449063W1" failures="0" tests="2" name="Default test" time="0.048" errors="0" timestamp="2023-01-06T09:35:55 IST">
  <testcase classname="test.Annotations_Examples" name="afunction2" time="0.004"/>
  <testcase classname="test.Annotations_Examples" name="Function1" time="0.001"/>
  <testcase classname="test.Annotations_Examples" name="Function3" time="0.0">
    <ignored/>
  </testcase> <!-- Function3 -->
</testsuite> <!-- Default test -->
